[2022-10-22 15:00:02,178] {taskinstance.py:1159} INFO - Dependencies all met for <TaskInstance: source_ingest_dag.source_ingestion_task scheduled__2022-10-22T14:00:00+00:00 [queued]>
[2022-10-22 15:00:02,197] {taskinstance.py:1159} INFO - Dependencies all met for <TaskInstance: source_ingest_dag.source_ingestion_task scheduled__2022-10-22T14:00:00+00:00 [queued]>
[2022-10-22 15:00:02,198] {taskinstance.py:1356} INFO - 
--------------------------------------------------------------------------------
[2022-10-22 15:00:02,200] {taskinstance.py:1357} INFO - Starting attempt 1 of 2
[2022-10-22 15:00:02,201] {taskinstance.py:1358} INFO - 
--------------------------------------------------------------------------------
[2022-10-22 15:00:02,218] {taskinstance.py:1377} INFO - Executing <Task(PythonOperator): source_ingestion_task> on 2022-10-22 14:00:00+00:00
[2022-10-22 15:00:02,224] {standard_task_runner.py:52} INFO - Started process 6683 to run task
[2022-10-22 15:00:02,229] {standard_task_runner.py:79} INFO - Running: ['***', 'tasks', 'run', 'source_ingest_dag', 'source_ingestion_task', 'scheduled__2022-10-22T14:00:00+00:00', '--job-id', '32', '--raw', '--subdir', 'DAGS_FOLDER/source_ingest_dag.py', '--cfg-path', '/tmp/tmpawqcx3w4', '--error-file', '/tmp/tmpz0isfmu0']
[2022-10-22 15:00:02,231] {standard_task_runner.py:80} INFO - Job 32: Subtask source_ingestion_task
[2022-10-22 15:00:02,334] {logging_mixin.py:115} WARNING - /home/***/.local/lib/python3.7/site-packages/***/models/dagrun.py:485 SAWarning: TypeDecorator UtcDateTime(timezone=True) will not produce a cache key because the ``cache_ok`` attribute is not set to True.  This can have significant performance implications including some performance degradations in comparison to prior SQLAlchemy versions.  Set this attribute to True if this type object's state is safe to use in a cache key, or False to disable this warning. (Background on this error at: https://sqlalche.me/e/14/cprf)
[2022-10-22 15:00:02,353] {task_command.py:369} INFO - Running <TaskInstance: source_ingest_dag.source_ingestion_task scheduled__2022-10-22T14:00:00+00:00 [running]> on host 865a121acdee
[2022-10-22 15:00:02,405] {logging_mixin.py:115} WARNING - /home/***/.local/lib/python3.7/site-packages/***/models/dagrun.py:485 SAWarning: TypeDecorator UtcDateTime(timezone=True) will not produce a cache key because the ``cache_ok`` attribute is not set to True.  This can have significant performance implications including some performance degradations in comparison to prior SQLAlchemy versions.  Set this attribute to True if this type object's state is safe to use in a cache key, or False to disable this warning. (Background on this error at: https://sqlalche.me/e/14/cprf)
[2022-10-22 15:00:02,487] {logging_mixin.py:115} WARNING - /home/***/.local/lib/python3.7/site-packages/***/models/renderedtifields.py:213 SAWarning: TypeDecorator UtcDateTime(timezone=True) will not produce a cache key because the ``cache_ok`` attribute is not set to True.  This can have significant performance implications including some performance degradations in comparison to prior SQLAlchemy versions.  Set this attribute to True if this type object's state is safe to use in a cache key, or False to disable this warning. (Background on this error at: https://sqlalche.me/e/14/cprf)
[2022-10-22 15:00:02,500] {taskinstance.py:1571} INFO - Exporting the following env vars:
AIRFLOW_CTX_DAG_EMAIL=rongshiu@gmail.com
AIRFLOW_CTX_DAG_OWNER=rongshiu@gmail.com
AIRFLOW_CTX_DAG_ID=source_ingest_dag
AIRFLOW_CTX_TASK_ID=source_ingestion_task
AIRFLOW_CTX_EXECUTION_DATE=2022-10-22T14:00:00+00:00
AIRFLOW_CTX_TRY_NUMBER=1
AIRFLOW_CTX_DAG_RUN_ID=scheduled__2022-10-22T14:00:00+00:00
[2022-10-22 15:00:02,503] {source_ingest.py:9} INFO - Getting source data
[2022-10-22 15:00:46,842] {source_ingest.py:13} INFO - Successfully get source data
[2022-10-22 15:00:46,846] {source_ingest.py:19} INFO - Uploading source data
[2022-10-22 15:05:52,315] {source_ingest.py:23} INFO - Successfully uploaded source data
[2022-10-22 15:05:52,344] {python.py:173} INFO - Done. Returned value was: None
[2022-10-22 15:05:52,371] {taskinstance.py:1400} INFO - Marking task as SUCCESS. dag_id=source_ingest_dag, task_id=source_ingestion_task, execution_date=20221022T140000, start_date=20221022T150002, end_date=20221022T150552
[2022-10-22 15:05:52,451] {local_task_job.py:156} INFO - Task exited with return code 0
[2022-10-22 15:05:52,507] {local_task_job.py:273} INFO - 0 downstream tasks scheduled from follow-on schedule check
