[2022-10-22 07:36:33,257] {processor.py:153} INFO - Started process (PID=1596) to work on /opt/airflow/dags/target_ingest.py
[2022-10-22 07:36:33,258] {processor.py:641} INFO - Processing file /opt/airflow/dags/target_ingest.py for tasks to queue
[2022-10-22 07:36:33,260] {logging_mixin.py:115} INFO - [2022-10-22 07:36:33,260] {dagbag.py:507} INFO - Filling up the DagBag from /opt/airflow/dags/target_ingest.py
[2022-10-22 07:36:33,637] {processor.py:653} WARNING - No viable dags retrieved from /opt/airflow/dags/target_ingest.py
[2022-10-22 07:36:33,663] {processor.py:161} INFO - Processing /opt/airflow/dags/target_ingest.py took 0.409 seconds
[2022-10-22 07:36:59,484] {processor.py:153} INFO - Started process (PID=1614) to work on /opt/airflow/dags/target_ingest.py
[2022-10-22 07:36:59,487] {processor.py:641} INFO - Processing file /opt/airflow/dags/target_ingest.py for tasks to queue
[2022-10-22 07:36:59,490] {logging_mixin.py:115} INFO - [2022-10-22 07:36:59,490] {dagbag.py:507} INFO - Filling up the DagBag from /opt/airflow/dags/target_ingest.py
[2022-10-22 07:36:59,505] {logging_mixin.py:115} INFO - [2022-10-22 07:36:59,503] {dagbag.py:320} ERROR - Failed to import: /opt/airflow/dags/target_ingest.py
Traceback (most recent call last):
  File "/home/airflow/.local/lib/python3.7/site-packages/airflow/models/dagbag.py", line 317, in parse
    loader.exec_module(new_module)
  File "<frozen importlib._bootstrap_external>", line 724, in exec_module
  File "<frozen importlib._bootstrap_external>", line 860, in get_code
  File "<frozen importlib._bootstrap_external>", line 791, in source_to_code
  File "<frozen importlib._bootstrap>", line 219, in _call_with_frames_removed
  File "/opt/airflow/dags/target_ingest.py", line 15
    df1=pd.read_sql(query.read(),conn)
                                     ^
IndentationError: unindent does not match any outer indentation level
[2022-10-22 07:36:59,507] {processor.py:653} WARNING - No viable dags retrieved from /opt/airflow/dags/target_ingest.py
[2022-10-22 07:36:59,555] {processor.py:161} INFO - Processing /opt/airflow/dags/target_ingest.py took 0.077 seconds
[2022-10-22 07:37:01,516] {processor.py:153} INFO - Started process (PID=1619) to work on /opt/airflow/dags/target_ingest.py
[2022-10-22 07:37:01,519] {processor.py:641} INFO - Processing file /opt/airflow/dags/target_ingest.py for tasks to queue
[2022-10-22 07:37:01,521] {logging_mixin.py:115} INFO - [2022-10-22 07:37:01,521] {dagbag.py:507} INFO - Filling up the DagBag from /opt/airflow/dags/target_ingest.py
[2022-10-22 07:37:01,533] {logging_mixin.py:115} INFO - [2022-10-22 07:37:01,531] {dagbag.py:320} ERROR - Failed to import: /opt/airflow/dags/target_ingest.py
Traceback (most recent call last):
  File "/home/airflow/.local/lib/python3.7/site-packages/airflow/models/dagbag.py", line 317, in parse
    loader.exec_module(new_module)
  File "<frozen importlib._bootstrap_external>", line 724, in exec_module
  File "<frozen importlib._bootstrap_external>", line 860, in get_code
  File "<frozen importlib._bootstrap_external>", line 791, in source_to_code
  File "<frozen importlib._bootstrap>", line 219, in _call_with_frames_removed
  File "/opt/airflow/dags/target_ingest.py", line 16
    df1['created_at']=datetime.now()
                                   ^
IndentationError: unexpected unindent
[2022-10-22 07:37:01,534] {processor.py:653} WARNING - No viable dags retrieved from /opt/airflow/dags/target_ingest.py
[2022-10-22 07:37:01,573] {logging_mixin.py:115} WARNING - /home/airflow/.local/lib/python3.7/site-packages/airflow/dag_processing/processor.py:548 SAWarning: TypeDecorator UtcDateTime(timezone=True) will not produce a cache key because the ``cache_ok`` attribute is not set to True.  This can have significant performance implications including some performance degradations in comparison to prior SQLAlchemy versions.  Set this attribute to True if this type object's state is safe to use in a cache key, or False to disable this warning. (Background on this error at: https://sqlalche.me/e/14/cprf)
[2022-10-22 07:37:01,603] {processor.py:161} INFO - Processing /opt/airflow/dags/target_ingest.py took 0.093 seconds
[2022-10-22 07:37:02,608] {processor.py:153} INFO - Started process (PID=1624) to work on /opt/airflow/dags/target_ingest.py
[2022-10-22 07:37:02,610] {processor.py:641} INFO - Processing file /opt/airflow/dags/target_ingest.py for tasks to queue
[2022-10-22 07:37:02,612] {logging_mixin.py:115} INFO - [2022-10-22 07:37:02,612] {dagbag.py:507} INFO - Filling up the DagBag from /opt/airflow/dags/target_ingest.py
[2022-10-22 07:37:02,620] {logging_mixin.py:115} INFO - [2022-10-22 07:37:02,620] {dagbag.py:320} ERROR - Failed to import: /opt/airflow/dags/target_ingest.py
Traceback (most recent call last):
  File "/home/airflow/.local/lib/python3.7/site-packages/airflow/models/dagbag.py", line 317, in parse
    loader.exec_module(new_module)
  File "<frozen importlib._bootstrap_external>", line 724, in exec_module
  File "<frozen importlib._bootstrap_external>", line 860, in get_code
  File "<frozen importlib._bootstrap_external>", line 791, in source_to_code
  File "<frozen importlib._bootstrap>", line 219, in _call_with_frames_removed
  File "/opt/airflow/dags/target_ingest.py", line 15
    df1=pd.read_sql(query.read(),conn)
    ^
IndentationError: unexpected indent
[2022-10-22 07:37:02,622] {processor.py:653} WARNING - No viable dags retrieved from /opt/airflow/dags/target_ingest.py
[2022-10-22 07:37:02,655] {logging_mixin.py:115} WARNING - /home/airflow/.local/lib/python3.7/site-packages/airflow/dag_processing/processor.py:548 SAWarning: TypeDecorator UtcDateTime(timezone=True) will not produce a cache key because the ``cache_ok`` attribute is not set to True.  This can have significant performance implications including some performance degradations in comparison to prior SQLAlchemy versions.  Set this attribute to True if this type object's state is safe to use in a cache key, or False to disable this warning. (Background on this error at: https://sqlalche.me/e/14/cprf)
[2022-10-22 07:37:02,670] {processor.py:161} INFO - Processing /opt/airflow/dags/target_ingest.py took 0.066 seconds
[2022-10-22 07:37:03,633] {processor.py:153} INFO - Started process (PID=1629) to work on /opt/airflow/dags/target_ingest.py
[2022-10-22 07:37:03,635] {processor.py:641} INFO - Processing file /opt/airflow/dags/target_ingest.py for tasks to queue
[2022-10-22 07:37:03,637] {logging_mixin.py:115} INFO - [2022-10-22 07:37:03,637] {dagbag.py:507} INFO - Filling up the DagBag from /opt/airflow/dags/target_ingest.py
[2022-10-22 07:37:03,647] {logging_mixin.py:115} INFO - [2022-10-22 07:37:03,646] {dagbag.py:320} ERROR - Failed to import: /opt/airflow/dags/target_ingest.py
Traceback (most recent call last):
  File "/home/airflow/.local/lib/python3.7/site-packages/airflow/models/dagbag.py", line 317, in parse
    loader.exec_module(new_module)
  File "<frozen importlib._bootstrap_external>", line 724, in exec_module
  File "<frozen importlib._bootstrap_external>", line 860, in get_code
  File "<frozen importlib._bootstrap_external>", line 791, in source_to_code
  File "<frozen importlib._bootstrap>", line 219, in _call_with_frames_removed
  File "/opt/airflow/dags/target_ingest.py", line 16
    df1['created_at']=datetime.now()
                                   ^
IndentationError: unexpected unindent
[2022-10-22 07:37:03,648] {processor.py:653} WARNING - No viable dags retrieved from /opt/airflow/dags/target_ingest.py
[2022-10-22 07:37:03,681] {logging_mixin.py:115} WARNING - /home/airflow/.local/lib/python3.7/site-packages/airflow/dag_processing/processor.py:548 SAWarning: TypeDecorator UtcDateTime(timezone=True) will not produce a cache key because the ``cache_ok`` attribute is not set to True.  This can have significant performance implications including some performance degradations in comparison to prior SQLAlchemy versions.  Set this attribute to True if this type object's state is safe to use in a cache key, or False to disable this warning. (Background on this error at: https://sqlalche.me/e/14/cprf)
[2022-10-22 07:37:03,693] {processor.py:161} INFO - Processing /opt/airflow/dags/target_ingest.py took 0.065 seconds
[2022-10-22 07:37:04,728] {processor.py:153} INFO - Started process (PID=1634) to work on /opt/airflow/dags/target_ingest.py
[2022-10-22 07:37:04,730] {processor.py:641} INFO - Processing file /opt/airflow/dags/target_ingest.py for tasks to queue
[2022-10-22 07:37:04,732] {logging_mixin.py:115} INFO - [2022-10-22 07:37:04,732] {dagbag.py:507} INFO - Filling up the DagBag from /opt/airflow/dags/target_ingest.py
[2022-10-22 07:37:04,741] {logging_mixin.py:115} INFO - [2022-10-22 07:37:04,740] {dagbag.py:320} ERROR - Failed to import: /opt/airflow/dags/target_ingest.py
Traceback (most recent call last):
  File "/home/airflow/.local/lib/python3.7/site-packages/airflow/models/dagbag.py", line 317, in parse
    loader.exec_module(new_module)
  File "<frozen importlib._bootstrap_external>", line 724, in exec_module
  File "<frozen importlib._bootstrap_external>", line 860, in get_code
  File "<frozen importlib._bootstrap_external>", line 791, in source_to_code
  File "<frozen importlib._bootstrap>", line 219, in _call_with_frames_removed
  File "/opt/airflow/dags/target_ingest.py", line 16
    df1['created_at']=datetime.now()
                                   ^
IndentationError: unexpected unindent
[2022-10-22 07:37:04,743] {processor.py:653} WARNING - No viable dags retrieved from /opt/airflow/dags/target_ingest.py
[2022-10-22 07:37:04,775] {logging_mixin.py:115} WARNING - /home/airflow/.local/lib/python3.7/site-packages/airflow/dag_processing/processor.py:548 SAWarning: TypeDecorator UtcDateTime(timezone=True) will not produce a cache key because the ``cache_ok`` attribute is not set to True.  This can have significant performance implications including some performance degradations in comparison to prior SQLAlchemy versions.  Set this attribute to True if this type object's state is safe to use in a cache key, or False to disable this warning. (Background on this error at: https://sqlalche.me/e/14/cprf)
[2022-10-22 07:37:04,790] {processor.py:161} INFO - Processing /opt/airflow/dags/target_ingest.py took 0.066 seconds
[2022-10-22 07:37:08,853] {processor.py:153} INFO - Started process (PID=1639) to work on /opt/airflow/dags/target_ingest.py
[2022-10-22 07:37:08,855] {processor.py:641} INFO - Processing file /opt/airflow/dags/target_ingest.py for tasks to queue
[2022-10-22 07:37:08,857] {logging_mixin.py:115} INFO - [2022-10-22 07:37:08,857] {dagbag.py:507} INFO - Filling up the DagBag from /opt/airflow/dags/target_ingest.py
[2022-10-22 07:37:08,868] {logging_mixin.py:115} INFO - [2022-10-22 07:37:08,867] {dagbag.py:320} ERROR - Failed to import: /opt/airflow/dags/target_ingest.py
Traceback (most recent call last):
  File "/home/airflow/.local/lib/python3.7/site-packages/airflow/models/dagbag.py", line 317, in parse
    loader.exec_module(new_module)
  File "<frozen importlib._bootstrap_external>", line 724, in exec_module
  File "<frozen importlib._bootstrap_external>", line 860, in get_code
  File "<frozen importlib._bootstrap_external>", line 791, in source_to_code
  File "<frozen importlib._bootstrap>", line 219, in _call_with_frames_removed
  File "/opt/airflow/dags/target_ingest.py", line 16
    df1['created_at']=datetime.now()
                                   ^
IndentationError: unexpected unindent
[2022-10-22 07:37:08,869] {processor.py:653} WARNING - No viable dags retrieved from /opt/airflow/dags/target_ingest.py
[2022-10-22 07:37:08,912] {logging_mixin.py:115} WARNING - /home/airflow/.local/lib/python3.7/site-packages/airflow/dag_processing/processor.py:548 SAWarning: TypeDecorator UtcDateTime(timezone=True) will not produce a cache key because the ``cache_ok`` attribute is not set to True.  This can have significant performance implications including some performance degradations in comparison to prior SQLAlchemy versions.  Set this attribute to True if this type object's state is safe to use in a cache key, or False to disable this warning. (Background on this error at: https://sqlalche.me/e/14/cprf)
[2022-10-22 07:37:08,930] {processor.py:161} INFO - Processing /opt/airflow/dags/target_ingest.py took 0.081 seconds
[2022-10-22 07:37:14,018] {processor.py:153} INFO - Started process (PID=1649) to work on /opt/airflow/dags/target_ingest.py
[2022-10-22 07:37:14,019] {processor.py:641} INFO - Processing file /opt/airflow/dags/target_ingest.py for tasks to queue
[2022-10-22 07:37:14,021] {logging_mixin.py:115} INFO - [2022-10-22 07:37:14,021] {dagbag.py:507} INFO - Filling up the DagBag from /opt/airflow/dags/target_ingest.py
[2022-10-22 07:37:14,030] {logging_mixin.py:115} INFO - [2022-10-22 07:37:14,029] {dagbag.py:320} ERROR - Failed to import: /opt/airflow/dags/target_ingest.py
Traceback (most recent call last):
  File "/home/airflow/.local/lib/python3.7/site-packages/airflow/models/dagbag.py", line 317, in parse
    loader.exec_module(new_module)
  File "<frozen importlib._bootstrap_external>", line 724, in exec_module
  File "<frozen importlib._bootstrap_external>", line 860, in get_code
  File "<frozen importlib._bootstrap_external>", line 791, in source_to_code
  File "<frozen importlib._bootstrap>", line 219, in _call_with_frames_removed
  File "/opt/airflow/dags/target_ingest.py", line 16
    df1['created_at']=datetime.now()
                                   ^
IndentationError: unexpected unindent
[2022-10-22 07:37:14,031] {processor.py:653} WARNING - No viable dags retrieved from /opt/airflow/dags/target_ingest.py
[2022-10-22 07:37:14,063] {logging_mixin.py:115} WARNING - /home/airflow/.local/lib/python3.7/site-packages/airflow/dag_processing/processor.py:548 SAWarning: TypeDecorator UtcDateTime(timezone=True) will not produce a cache key because the ``cache_ok`` attribute is not set to True.  This can have significant performance implications including some performance degradations in comparison to prior SQLAlchemy versions.  Set this attribute to True if this type object's state is safe to use in a cache key, or False to disable this warning. (Background on this error at: https://sqlalche.me/e/14/cprf)
[2022-10-22 07:37:14,075] {processor.py:161} INFO - Processing /opt/airflow/dags/target_ingest.py took 0.062 seconds
[2022-10-22 07:37:16,045] {processor.py:153} INFO - Started process (PID=1654) to work on /opt/airflow/dags/target_ingest.py
[2022-10-22 07:37:16,047] {processor.py:641} INFO - Processing file /opt/airflow/dags/target_ingest.py for tasks to queue
[2022-10-22 07:37:16,050] {logging_mixin.py:115} INFO - [2022-10-22 07:37:16,050] {dagbag.py:507} INFO - Filling up the DagBag from /opt/airflow/dags/target_ingest.py
[2022-10-22 07:37:16,062] {logging_mixin.py:115} INFO - [2022-10-22 07:37:16,061] {dagbag.py:320} ERROR - Failed to import: /opt/airflow/dags/target_ingest.py
Traceback (most recent call last):
  File "/home/airflow/.local/lib/python3.7/site-packages/airflow/models/dagbag.py", line 317, in parse
    loader.exec_module(new_module)
  File "<frozen importlib._bootstrap_external>", line 724, in exec_module
  File "<frozen importlib._bootstrap_external>", line 860, in get_code
  File "<frozen importlib._bootstrap_external>", line 791, in source_to_code
  File "<frozen importlib._bootstrap>", line 219, in _call_with_frames_removed
  File "/opt/airflow/dags/target_ingest.py", line 16
    df1['created_at']=datetime.now()
                                   ^
IndentationError: unexpected unindent
[2022-10-22 07:37:16,064] {processor.py:653} WARNING - No viable dags retrieved from /opt/airflow/dags/target_ingest.py
[2022-10-22 07:37:16,096] {logging_mixin.py:115} WARNING - /home/airflow/.local/lib/python3.7/site-packages/airflow/dag_processing/processor.py:548 SAWarning: TypeDecorator UtcDateTime(timezone=True) will not produce a cache key because the ``cache_ok`` attribute is not set to True.  This can have significant performance implications including some performance degradations in comparison to prior SQLAlchemy versions.  Set this attribute to True if this type object's state is safe to use in a cache key, or False to disable this warning. (Background on this error at: https://sqlalche.me/e/14/cprf)
[2022-10-22 07:37:16,114] {processor.py:161} INFO - Processing /opt/airflow/dags/target_ingest.py took 0.073 seconds
[2022-10-22 07:37:17,135] {processor.py:153} INFO - Started process (PID=1659) to work on /opt/airflow/dags/target_ingest.py
[2022-10-22 07:37:17,137] {processor.py:641} INFO - Processing file /opt/airflow/dags/target_ingest.py for tasks to queue
[2022-10-22 07:37:17,138] {logging_mixin.py:115} INFO - [2022-10-22 07:37:17,138] {dagbag.py:507} INFO - Filling up the DagBag from /opt/airflow/dags/target_ingest.py
[2022-10-22 07:37:17,149] {logging_mixin.py:115} INFO - [2022-10-22 07:37:17,148] {dagbag.py:320} ERROR - Failed to import: /opt/airflow/dags/target_ingest.py
Traceback (most recent call last):
  File "/home/airflow/.local/lib/python3.7/site-packages/airflow/models/dagbag.py", line 317, in parse
    loader.exec_module(new_module)
  File "<frozen importlib._bootstrap_external>", line 724, in exec_module
  File "<frozen importlib._bootstrap_external>", line 860, in get_code
  File "<frozen importlib._bootstrap_external>", line 791, in source_to_code
  File "<frozen importlib._bootstrap>", line 219, in _call_with_frames_removed
  File "/opt/airflow/dags/target_ingest.py", line 16
    df1['created_at']=datetime.now()
                                   ^
IndentationError: unexpected unindent
[2022-10-22 07:37:17,150] {processor.py:653} WARNING - No viable dags retrieved from /opt/airflow/dags/target_ingest.py
[2022-10-22 07:37:17,183] {logging_mixin.py:115} WARNING - /home/airflow/.local/lib/python3.7/site-packages/airflow/dag_processing/processor.py:548 SAWarning: TypeDecorator UtcDateTime(timezone=True) will not produce a cache key because the ``cache_ok`` attribute is not set to True.  This can have significant performance implications including some performance degradations in comparison to prior SQLAlchemy versions.  Set this attribute to True if this type object's state is safe to use in a cache key, or False to disable this warning. (Background on this error at: https://sqlalche.me/e/14/cprf)
[2022-10-22 07:37:17,196] {processor.py:161} INFO - Processing /opt/airflow/dags/target_ingest.py took 0.065 seconds
[2022-10-22 07:37:18,168] {processor.py:153} INFO - Started process (PID=1664) to work on /opt/airflow/dags/target_ingest.py
[2022-10-22 07:37:18,170] {processor.py:641} INFO - Processing file /opt/airflow/dags/target_ingest.py for tasks to queue
[2022-10-22 07:37:18,173] {logging_mixin.py:115} INFO - [2022-10-22 07:37:18,173] {dagbag.py:507} INFO - Filling up the DagBag from /opt/airflow/dags/target_ingest.py
[2022-10-22 07:37:18,186] {logging_mixin.py:115} INFO - [2022-10-22 07:37:18,185] {dagbag.py:320} ERROR - Failed to import: /opt/airflow/dags/target_ingest.py
Traceback (most recent call last):
  File "/home/airflow/.local/lib/python3.7/site-packages/airflow/models/dagbag.py", line 317, in parse
    loader.exec_module(new_module)
  File "<frozen importlib._bootstrap_external>", line 724, in exec_module
  File "<frozen importlib._bootstrap_external>", line 860, in get_code
  File "<frozen importlib._bootstrap_external>", line 791, in source_to_code
  File "<frozen importlib._bootstrap>", line 219, in _call_with_frames_removed
  File "/opt/airflow/dags/target_ingest.py", line 16
    df1['created_at']=datetime.now()
                                   ^
IndentationError: unexpected unindent
[2022-10-22 07:37:18,187] {processor.py:653} WARNING - No viable dags retrieved from /opt/airflow/dags/target_ingest.py
[2022-10-22 07:37:18,218] {logging_mixin.py:115} WARNING - /home/airflow/.local/lib/python3.7/site-packages/airflow/dag_processing/processor.py:548 SAWarning: TypeDecorator UtcDateTime(timezone=True) will not produce a cache key because the ``cache_ok`` attribute is not set to True.  This can have significant performance implications including some performance degradations in comparison to prior SQLAlchemy versions.  Set this attribute to True if this type object's state is safe to use in a cache key, or False to disable this warning. (Background on this error at: https://sqlalche.me/e/14/cprf)
[2022-10-22 07:37:18,232] {processor.py:161} INFO - Processing /opt/airflow/dags/target_ingest.py took 0.068 seconds
[2022-10-22 07:37:20,250] {processor.py:153} INFO - Started process (PID=1669) to work on /opt/airflow/dags/target_ingest.py
[2022-10-22 07:37:20,262] {processor.py:641} INFO - Processing file /opt/airflow/dags/target_ingest.py for tasks to queue
[2022-10-22 07:37:20,264] {logging_mixin.py:115} INFO - [2022-10-22 07:37:20,264] {dagbag.py:507} INFO - Filling up the DagBag from /opt/airflow/dags/target_ingest.py
[2022-10-22 07:37:20,663] {processor.py:653} WARNING - No viable dags retrieved from /opt/airflow/dags/target_ingest.py
[2022-10-22 07:37:20,700] {processor.py:161} INFO - Processing /opt/airflow/dags/target_ingest.py took 0.454 seconds
[2022-10-22 07:37:22,295] {processor.py:153} INFO - Started process (PID=1675) to work on /opt/airflow/dags/target_ingest.py
[2022-10-22 07:37:22,296] {processor.py:641} INFO - Processing file /opt/airflow/dags/target_ingest.py for tasks to queue
[2022-10-22 07:37:22,299] {logging_mixin.py:115} INFO - [2022-10-22 07:37:22,298] {dagbag.py:507} INFO - Filling up the DagBag from /opt/airflow/dags/target_ingest.py
[2022-10-22 07:37:22,700] {processor.py:653} WARNING - No viable dags retrieved from /opt/airflow/dags/target_ingest.py
[2022-10-22 07:37:22,732] {processor.py:161} INFO - Processing /opt/airflow/dags/target_ingest.py took 0.442 seconds
[2022-10-22 07:37:29,379] {processor.py:153} INFO - Started process (PID=1687) to work on /opt/airflow/dags/target_ingest.py
[2022-10-22 07:37:29,381] {processor.py:641} INFO - Processing file /opt/airflow/dags/target_ingest.py for tasks to queue
[2022-10-22 07:37:29,382] {logging_mixin.py:115} INFO - [2022-10-22 07:37:29,382] {dagbag.py:507} INFO - Filling up the DagBag from /opt/airflow/dags/target_ingest.py
[2022-10-22 07:37:29,784] {processor.py:653} WARNING - No viable dags retrieved from /opt/airflow/dags/target_ingest.py
[2022-10-22 07:37:29,815] {processor.py:161} INFO - Processing /opt/airflow/dags/target_ingest.py took 0.440 seconds
[2022-10-22 07:37:44,930] {processor.py:153} INFO - Started process (PID=1699) to work on /opt/airflow/dags/target_ingest.py
[2022-10-22 07:37:44,933] {processor.py:641} INFO - Processing file /opt/airflow/dags/target_ingest.py for tasks to queue
[2022-10-22 07:37:44,935] {logging_mixin.py:115} INFO - [2022-10-22 07:37:44,934] {dagbag.py:507} INFO - Filling up the DagBag from /opt/airflow/dags/target_ingest.py
[2022-10-22 07:37:44,941] {logging_mixin.py:115} INFO - [2022-10-22 07:37:44,941] {dagbag.py:300} INFO - File /opt/airflow/dags/target_ingest.py assumed to contain no DAGs. Skipping.
[2022-10-22 07:37:44,943] {processor.py:653} WARNING - No viable dags retrieved from /opt/airflow/dags/target_ingest.py
[2022-10-22 07:37:45,019] {processor.py:161} INFO - Processing /opt/airflow/dags/target_ingest.py took 0.095 seconds
[2022-10-22 07:37:56,014] {processor.py:153} INFO - Started process (PID=1704) to work on /opt/airflow/dags/target_ingest.py
[2022-10-22 07:37:56,017] {processor.py:641} INFO - Processing file /opt/airflow/dags/target_ingest.py for tasks to queue
[2022-10-22 07:37:56,018] {logging_mixin.py:115} INFO - [2022-10-22 07:37:56,018] {dagbag.py:507} INFO - Filling up the DagBag from /opt/airflow/dags/target_ingest.py
[2022-10-22 07:37:56,025] {logging_mixin.py:115} INFO - [2022-10-22 07:37:56,025] {dagbag.py:300} INFO - File /opt/airflow/dags/target_ingest.py assumed to contain no DAGs. Skipping.
[2022-10-22 07:37:56,026] {processor.py:653} WARNING - No viable dags retrieved from /opt/airflow/dags/target_ingest.py
[2022-10-22 07:37:56,057] {processor.py:161} INFO - Processing /opt/airflow/dags/target_ingest.py took 0.053 seconds
[2022-10-22 07:38:01,587] {processor.py:153} INFO - Started process (PID=1715) to work on /opt/airflow/dags/target_ingest.py
[2022-10-22 07:38:01,589] {processor.py:641} INFO - Processing file /opt/airflow/dags/target_ingest.py for tasks to queue
[2022-10-22 07:38:01,591] {logging_mixin.py:115} INFO - [2022-10-22 07:38:01,590] {dagbag.py:507} INFO - Filling up the DagBag from /opt/airflow/dags/target_ingest.py
[2022-10-22 07:38:01,599] {logging_mixin.py:115} INFO - [2022-10-22 07:38:01,599] {dagbag.py:300} INFO - File /opt/airflow/dags/target_ingest.py assumed to contain no DAGs. Skipping.
[2022-10-22 07:38:01,600] {processor.py:653} WARNING - No viable dags retrieved from /opt/airflow/dags/target_ingest.py
[2022-10-22 07:38:01,633] {processor.py:161} INFO - Processing /opt/airflow/dags/target_ingest.py took 0.051 seconds
[2022-10-22 07:38:04,607] {processor.py:153} INFO - Started process (PID=1720) to work on /opt/airflow/dags/target_ingest.py
[2022-10-22 07:38:04,645] {processor.py:641} INFO - Processing file /opt/airflow/dags/target_ingest.py for tasks to queue
[2022-10-22 07:38:04,649] {logging_mixin.py:115} INFO - [2022-10-22 07:38:04,649] {dagbag.py:507} INFO - Filling up the DagBag from /opt/airflow/dags/target_ingest.py
[2022-10-22 07:38:04,660] {logging_mixin.py:115} INFO - [2022-10-22 07:38:04,659] {dagbag.py:300} INFO - File /opt/airflow/dags/target_ingest.py assumed to contain no DAGs. Skipping.
[2022-10-22 07:38:04,662] {processor.py:653} WARNING - No viable dags retrieved from /opt/airflow/dags/target_ingest.py
[2022-10-22 07:38:04,717] {processor.py:161} INFO - Processing /opt/airflow/dags/target_ingest.py took 0.132 seconds
[2022-10-22 07:38:06,703] {processor.py:153} INFO - Started process (PID=1725) to work on /opt/airflow/dags/target_ingest.py
[2022-10-22 07:38:06,706] {processor.py:641} INFO - Processing file /opt/airflow/dags/target_ingest.py for tasks to queue
[2022-10-22 07:38:06,712] {logging_mixin.py:115} INFO - [2022-10-22 07:38:06,712] {dagbag.py:507} INFO - Filling up the DagBag from /opt/airflow/dags/target_ingest.py
[2022-10-22 07:38:06,724] {logging_mixin.py:115} INFO - [2022-10-22 07:38:06,723] {dagbag.py:300} INFO - File /opt/airflow/dags/target_ingest.py assumed to contain no DAGs. Skipping.
[2022-10-22 07:38:06,725] {processor.py:653} WARNING - No viable dags retrieved from /opt/airflow/dags/target_ingest.py
[2022-10-22 07:38:06,792] {processor.py:161} INFO - Processing /opt/airflow/dags/target_ingest.py took 0.094 seconds
[2022-10-22 07:38:09,784] {processor.py:153} INFO - Started process (PID=1730) to work on /opt/airflow/dags/target_ingest.py
[2022-10-22 07:38:09,786] {processor.py:641} INFO - Processing file /opt/airflow/dags/target_ingest.py for tasks to queue
[2022-10-22 07:38:09,787] {logging_mixin.py:115} INFO - [2022-10-22 07:38:09,787] {dagbag.py:507} INFO - Filling up the DagBag from /opt/airflow/dags/target_ingest.py
[2022-10-22 07:38:09,792] {logging_mixin.py:115} INFO - [2022-10-22 07:38:09,792] {dagbag.py:300} INFO - File /opt/airflow/dags/target_ingest.py assumed to contain no DAGs. Skipping.
[2022-10-22 07:38:09,794] {processor.py:653} WARNING - No viable dags retrieved from /opt/airflow/dags/target_ingest.py
[2022-10-22 07:38:09,823] {processor.py:161} INFO - Processing /opt/airflow/dags/target_ingest.py took 0.043 seconds
[2022-10-22 07:38:11,495] {processor.py:153} INFO - Started process (PID=1741) to work on /opt/airflow/dags/target_ingest.py
[2022-10-22 07:38:11,497] {processor.py:641} INFO - Processing file /opt/airflow/dags/target_ingest.py for tasks to queue
[2022-10-22 07:38:11,498] {logging_mixin.py:115} INFO - [2022-10-22 07:38:11,498] {dagbag.py:507} INFO - Filling up the DagBag from /opt/airflow/dags/target_ingest.py
[2022-10-22 07:38:11,505] {logging_mixin.py:115} INFO - [2022-10-22 07:38:11,505] {dagbag.py:300} INFO - File /opt/airflow/dags/target_ingest.py assumed to contain no DAGs. Skipping.
[2022-10-22 07:38:11,506] {processor.py:653} WARNING - No viable dags retrieved from /opt/airflow/dags/target_ingest.py
[2022-10-22 07:38:11,536] {processor.py:161} INFO - Processing /opt/airflow/dags/target_ingest.py took 0.045 seconds
[2022-10-22 07:38:12,518] {processor.py:153} INFO - Started process (PID=1746) to work on /opt/airflow/dags/target_ingest.py
[2022-10-22 07:38:12,520] {processor.py:641} INFO - Processing file /opt/airflow/dags/target_ingest.py for tasks to queue
[2022-10-22 07:38:12,522] {logging_mixin.py:115} INFO - [2022-10-22 07:38:12,522] {dagbag.py:507} INFO - Filling up the DagBag from /opt/airflow/dags/target_ingest.py
[2022-10-22 07:38:12,530] {logging_mixin.py:115} INFO - [2022-10-22 07:38:12,530] {dagbag.py:300} INFO - File /opt/airflow/dags/target_ingest.py assumed to contain no DAGs. Skipping.
[2022-10-22 07:38:12,531] {processor.py:653} WARNING - No viable dags retrieved from /opt/airflow/dags/target_ingest.py
[2022-10-22 07:38:12,569] {processor.py:161} INFO - Processing /opt/airflow/dags/target_ingest.py took 0.056 seconds
[2022-10-22 07:38:15,596] {processor.py:153} INFO - Started process (PID=1751) to work on /opt/airflow/dags/target_ingest.py
[2022-10-22 07:38:15,598] {processor.py:641} INFO - Processing file /opt/airflow/dags/target_ingest.py for tasks to queue
[2022-10-22 07:38:15,600] {logging_mixin.py:115} INFO - [2022-10-22 07:38:15,600] {dagbag.py:507} INFO - Filling up the DagBag from /opt/airflow/dags/target_ingest.py
[2022-10-22 07:38:15,609] {logging_mixin.py:115} INFO - [2022-10-22 07:38:15,609] {dagbag.py:300} INFO - File /opt/airflow/dags/target_ingest.py assumed to contain no DAGs. Skipping.
[2022-10-22 07:38:15,611] {processor.py:653} WARNING - No viable dags retrieved from /opt/airflow/dags/target_ingest.py
[2022-10-22 07:38:15,647] {processor.py:161} INFO - Processing /opt/airflow/dags/target_ingest.py took 0.058 seconds
[2022-10-22 07:38:30,770] {processor.py:153} INFO - Started process (PID=1759) to work on /opt/airflow/dags/target_ingest.py
[2022-10-22 07:38:30,772] {processor.py:641} INFO - Processing file /opt/airflow/dags/target_ingest.py for tasks to queue
[2022-10-22 07:38:30,774] {logging_mixin.py:115} INFO - [2022-10-22 07:38:30,773] {dagbag.py:507} INFO - Filling up the DagBag from /opt/airflow/dags/target_ingest.py
[2022-10-22 07:38:30,780] {logging_mixin.py:115} INFO - [2022-10-22 07:38:30,780] {dagbag.py:300} INFO - File /opt/airflow/dags/target_ingest.py assumed to contain no DAGs. Skipping.
[2022-10-22 07:38:30,781] {processor.py:653} WARNING - No viable dags retrieved from /opt/airflow/dags/target_ingest.py
[2022-10-22 07:38:30,816] {processor.py:161} INFO - Processing /opt/airflow/dags/target_ingest.py took 0.051 seconds
[2022-10-22 07:38:33,254] {processor.py:153} INFO - Started process (PID=1767) to work on /opt/airflow/dags/target_ingest.py
[2022-10-22 07:38:33,255] {processor.py:641} INFO - Processing file /opt/airflow/dags/target_ingest.py for tasks to queue
[2022-10-22 07:38:33,257] {logging_mixin.py:115} INFO - [2022-10-22 07:38:33,257] {dagbag.py:507} INFO - Filling up the DagBag from /opt/airflow/dags/target_ingest.py
[2022-10-22 07:38:33,264] {logging_mixin.py:115} INFO - [2022-10-22 07:38:33,264] {dagbag.py:300} INFO - File /opt/airflow/dags/target_ingest.py assumed to contain no DAGs. Skipping.
[2022-10-22 07:38:33,265] {processor.py:653} WARNING - No viable dags retrieved from /opt/airflow/dags/target_ingest.py
[2022-10-22 07:38:33,299] {processor.py:161} INFO - Processing /opt/airflow/dags/target_ingest.py took 0.050 seconds
[2022-10-22 07:38:37,279] {processor.py:153} INFO - Started process (PID=1772) to work on /opt/airflow/dags/target_ingest.py
[2022-10-22 07:38:37,281] {processor.py:641} INFO - Processing file /opt/airflow/dags/target_ingest.py for tasks to queue
[2022-10-22 07:38:37,282] {logging_mixin.py:115} INFO - [2022-10-22 07:38:37,282] {dagbag.py:507} INFO - Filling up the DagBag from /opt/airflow/dags/target_ingest.py
[2022-10-22 07:38:37,288] {logging_mixin.py:115} INFO - [2022-10-22 07:38:37,288] {dagbag.py:300} INFO - File /opt/airflow/dags/target_ingest.py assumed to contain no DAGs. Skipping.
[2022-10-22 07:38:37,289] {processor.py:653} WARNING - No viable dags retrieved from /opt/airflow/dags/target_ingest.py
[2022-10-22 07:38:37,317] {processor.py:161} INFO - Processing /opt/airflow/dags/target_ingest.py took 0.042 seconds
[2022-10-22 07:38:39,307] {processor.py:153} INFO - Started process (PID=1777) to work on /opt/airflow/dags/target_ingest.py
[2022-10-22 07:38:39,309] {processor.py:641} INFO - Processing file /opt/airflow/dags/target_ingest.py for tasks to queue
[2022-10-22 07:38:39,312] {logging_mixin.py:115} INFO - [2022-10-22 07:38:39,312] {dagbag.py:507} INFO - Filling up the DagBag from /opt/airflow/dags/target_ingest.py
[2022-10-22 07:38:39,321] {logging_mixin.py:115} INFO - [2022-10-22 07:38:39,321] {dagbag.py:300} INFO - File /opt/airflow/dags/target_ingest.py assumed to contain no DAGs. Skipping.
[2022-10-22 07:38:39,324] {processor.py:653} WARNING - No viable dags retrieved from /opt/airflow/dags/target_ingest.py
[2022-10-22 07:38:39,364] {processor.py:161} INFO - Processing /opt/airflow/dags/target_ingest.py took 0.063 seconds
[2022-10-22 07:38:45,440] {processor.py:153} INFO - Started process (PID=1788) to work on /opt/airflow/dags/target_ingest.py
[2022-10-22 07:38:45,441] {processor.py:641} INFO - Processing file /opt/airflow/dags/target_ingest.py for tasks to queue
[2022-10-22 07:38:45,444] {logging_mixin.py:115} INFO - [2022-10-22 07:38:45,444] {dagbag.py:507} INFO - Filling up the DagBag from /opt/airflow/dags/target_ingest.py
[2022-10-22 07:38:45,451] {logging_mixin.py:115} INFO - [2022-10-22 07:38:45,451] {dagbag.py:300} INFO - File /opt/airflow/dags/target_ingest.py assumed to contain no DAGs. Skipping.
[2022-10-22 07:38:45,453] {processor.py:653} WARNING - No viable dags retrieved from /opt/airflow/dags/target_ingest.py
[2022-10-22 07:38:45,486] {processor.py:161} INFO - Processing /opt/airflow/dags/target_ingest.py took 0.051 seconds
[2022-10-22 07:38:50,486] {processor.py:153} INFO - Started process (PID=1793) to work on /opt/airflow/dags/target_ingest.py
[2022-10-22 07:38:50,488] {processor.py:641} INFO - Processing file /opt/airflow/dags/target_ingest.py for tasks to queue
[2022-10-22 07:38:50,490] {logging_mixin.py:115} INFO - [2022-10-22 07:38:50,489] {dagbag.py:507} INFO - Filling up the DagBag from /opt/airflow/dags/target_ingest.py
[2022-10-22 07:38:50,495] {logging_mixin.py:115} INFO - [2022-10-22 07:38:50,495] {dagbag.py:300} INFO - File /opt/airflow/dags/target_ingest.py assumed to contain no DAGs. Skipping.
[2022-10-22 07:38:50,497] {processor.py:653} WARNING - No viable dags retrieved from /opt/airflow/dags/target_ingest.py
[2022-10-22 07:38:50,531] {processor.py:161} INFO - Processing /opt/airflow/dags/target_ingest.py took 0.051 seconds
[2022-10-22 07:38:53,567] {processor.py:153} INFO - Started process (PID=1798) to work on /opt/airflow/dags/target_ingest.py
[2022-10-22 07:38:53,569] {processor.py:641} INFO - Processing file /opt/airflow/dags/target_ingest.py for tasks to queue
[2022-10-22 07:38:53,571] {logging_mixin.py:115} INFO - [2022-10-22 07:38:53,571] {dagbag.py:507} INFO - Filling up the DagBag from /opt/airflow/dags/target_ingest.py
[2022-10-22 07:38:53,578] {logging_mixin.py:115} INFO - [2022-10-22 07:38:53,578] {dagbag.py:300} INFO - File /opt/airflow/dags/target_ingest.py assumed to contain no DAGs. Skipping.
[2022-10-22 07:38:53,580] {processor.py:653} WARNING - No viable dags retrieved from /opt/airflow/dags/target_ingest.py
[2022-10-22 07:38:53,611] {processor.py:161} INFO - Processing /opt/airflow/dags/target_ingest.py took 0.048 seconds
[2022-10-22 07:38:55,612] {processor.py:153} INFO - Started process (PID=1803) to work on /opt/airflow/dags/target_ingest.py
[2022-10-22 07:38:55,615] {processor.py:641} INFO - Processing file /opt/airflow/dags/target_ingest.py for tasks to queue
[2022-10-22 07:38:55,618] {logging_mixin.py:115} INFO - [2022-10-22 07:38:55,618] {dagbag.py:507} INFO - Filling up the DagBag from /opt/airflow/dags/target_ingest.py
[2022-10-22 07:38:55,629] {logging_mixin.py:115} INFO - [2022-10-22 07:38:55,629] {dagbag.py:300} INFO - File /opt/airflow/dags/target_ingest.py assumed to contain no DAGs. Skipping.
[2022-10-22 07:38:55,631] {processor.py:653} WARNING - No viable dags retrieved from /opt/airflow/dags/target_ingest.py
[2022-10-22 07:38:55,673] {processor.py:161} INFO - Processing /opt/airflow/dags/target_ingest.py took 0.067 seconds
[2022-10-22 07:38:56,668] {processor.py:153} INFO - Started process (PID=1808) to work on /opt/airflow/dags/target_ingest.py
[2022-10-22 07:38:56,671] {processor.py:641} INFO - Processing file /opt/airflow/dags/target_ingest.py for tasks to queue
[2022-10-22 07:38:56,676] {logging_mixin.py:115} INFO - [2022-10-22 07:38:56,676] {dagbag.py:507} INFO - Filling up the DagBag from /opt/airflow/dags/target_ingest.py
[2022-10-22 07:38:56,686] {logging_mixin.py:115} INFO - [2022-10-22 07:38:56,685] {dagbag.py:300} INFO - File /opt/airflow/dags/target_ingest.py assumed to contain no DAGs. Skipping.
[2022-10-22 07:38:56,690] {processor.py:653} WARNING - No viable dags retrieved from /opt/airflow/dags/target_ingest.py
[2022-10-22 07:38:56,726] {processor.py:161} INFO - Processing /opt/airflow/dags/target_ingest.py took 0.064 seconds
[2022-10-22 07:39:02,262] {processor.py:153} INFO - Started process (PID=1819) to work on /opt/airflow/dags/target_ingest.py
[2022-10-22 07:39:02,263] {processor.py:641} INFO - Processing file /opt/airflow/dags/target_ingest.py for tasks to queue
[2022-10-22 07:39:02,265] {logging_mixin.py:115} INFO - [2022-10-22 07:39:02,265] {dagbag.py:507} INFO - Filling up the DagBag from /opt/airflow/dags/target_ingest.py
[2022-10-22 07:39:02,271] {logging_mixin.py:115} INFO - [2022-10-22 07:39:02,270] {dagbag.py:300} INFO - File /opt/airflow/dags/target_ingest.py assumed to contain no DAGs. Skipping.
[2022-10-22 07:39:02,272] {processor.py:653} WARNING - No viable dags retrieved from /opt/airflow/dags/target_ingest.py
[2022-10-22 07:39:02,307] {processor.py:161} INFO - Processing /opt/airflow/dags/target_ingest.py took 0.049 seconds
[2022-10-22 07:39:08,319] {processor.py:153} INFO - Started process (PID=1824) to work on /opt/airflow/dags/target_ingest.py
[2022-10-22 07:39:08,321] {processor.py:641} INFO - Processing file /opt/airflow/dags/target_ingest.py for tasks to queue
[2022-10-22 07:39:08,323] {logging_mixin.py:115} INFO - [2022-10-22 07:39:08,323] {dagbag.py:507} INFO - Filling up the DagBag from /opt/airflow/dags/target_ingest.py
[2022-10-22 07:39:08,328] {logging_mixin.py:115} INFO - [2022-10-22 07:39:08,328] {dagbag.py:300} INFO - File /opt/airflow/dags/target_ingest.py assumed to contain no DAGs. Skipping.
[2022-10-22 07:39:08,329] {processor.py:653} WARNING - No viable dags retrieved from /opt/airflow/dags/target_ingest.py
[2022-10-22 07:39:08,363] {processor.py:161} INFO - Processing /opt/airflow/dags/target_ingest.py took 0.048 seconds
[2022-10-22 07:39:11,433] {processor.py:153} INFO - Started process (PID=1829) to work on /opt/airflow/dags/target_ingest.py
[2022-10-22 07:39:11,435] {processor.py:641} INFO - Processing file /opt/airflow/dags/target_ingest.py for tasks to queue
[2022-10-22 07:39:11,436] {logging_mixin.py:115} INFO - [2022-10-22 07:39:11,436] {dagbag.py:507} INFO - Filling up the DagBag from /opt/airflow/dags/target_ingest.py
[2022-10-22 07:39:11,443] {logging_mixin.py:115} INFO - [2022-10-22 07:39:11,443] {dagbag.py:300} INFO - File /opt/airflow/dags/target_ingest.py assumed to contain no DAGs. Skipping.
[2022-10-22 07:39:11,444] {processor.py:653} WARNING - No viable dags retrieved from /opt/airflow/dags/target_ingest.py
[2022-10-22 07:39:11,475] {processor.py:161} INFO - Processing /opt/airflow/dags/target_ingest.py took 0.048 seconds
[2022-10-22 07:39:15,059] {processor.py:153} INFO - Started process (PID=1840) to work on /opt/airflow/dags/target_ingest.py
[2022-10-22 07:39:15,061] {processor.py:641} INFO - Processing file /opt/airflow/dags/target_ingest.py for tasks to queue
[2022-10-22 07:39:15,062] {logging_mixin.py:115} INFO - [2022-10-22 07:39:15,062] {dagbag.py:507} INFO - Filling up the DagBag from /opt/airflow/dags/target_ingest.py
[2022-10-22 07:39:15,069] {logging_mixin.py:115} INFO - [2022-10-22 07:39:15,069] {dagbag.py:300} INFO - File /opt/airflow/dags/target_ingest.py assumed to contain no DAGs. Skipping.
[2022-10-22 07:39:15,071] {processor.py:653} WARNING - No viable dags retrieved from /opt/airflow/dags/target_ingest.py
[2022-10-22 07:39:15,103] {processor.py:161} INFO - Processing /opt/airflow/dags/target_ingest.py took 0.049 seconds
[2022-10-22 07:39:21,099] {processor.py:153} INFO - Started process (PID=1845) to work on /opt/airflow/dags/target_ingest.py
[2022-10-22 07:39:21,101] {processor.py:641} INFO - Processing file /opt/airflow/dags/target_ingest.py for tasks to queue
[2022-10-22 07:39:21,104] {logging_mixin.py:115} INFO - [2022-10-22 07:39:21,103] {dagbag.py:507} INFO - Filling up the DagBag from /opt/airflow/dags/target_ingest.py
[2022-10-22 07:39:21,111] {logging_mixin.py:115} INFO - [2022-10-22 07:39:21,110] {dagbag.py:300} INFO - File /opt/airflow/dags/target_ingest.py assumed to contain no DAGs. Skipping.
[2022-10-22 07:39:21,112] {processor.py:653} WARNING - No viable dags retrieved from /opt/airflow/dags/target_ingest.py
[2022-10-22 07:39:21,144] {processor.py:161} INFO - Processing /opt/airflow/dags/target_ingest.py took 0.049 seconds
[2022-10-22 07:39:31,235] {processor.py:153} INFO - Started process (PID=1850) to work on /opt/airflow/dags/target_ingest.py
[2022-10-22 07:39:31,237] {processor.py:641} INFO - Processing file /opt/airflow/dags/target_ingest.py for tasks to queue
[2022-10-22 07:39:31,239] {logging_mixin.py:115} INFO - [2022-10-22 07:39:31,239] {dagbag.py:507} INFO - Filling up the DagBag from /opt/airflow/dags/target_ingest.py
[2022-10-22 07:39:31,247] {logging_mixin.py:115} INFO - [2022-10-22 07:39:31,246] {dagbag.py:300} INFO - File /opt/airflow/dags/target_ingest.py assumed to contain no DAGs. Skipping.
[2022-10-22 07:39:31,248] {processor.py:653} WARNING - No viable dags retrieved from /opt/airflow/dags/target_ingest.py
[2022-10-22 07:39:31,281] {processor.py:161} INFO - Processing /opt/airflow/dags/target_ingest.py took 0.050 seconds
[2022-10-22 07:39:36,863] {processor.py:153} INFO - Started process (PID=1861) to work on /opt/airflow/dags/target_ingest.py
[2022-10-22 07:39:36,865] {processor.py:641} INFO - Processing file /opt/airflow/dags/target_ingest.py for tasks to queue
[2022-10-22 07:39:36,867] {logging_mixin.py:115} INFO - [2022-10-22 07:39:36,867] {dagbag.py:507} INFO - Filling up the DagBag from /opt/airflow/dags/target_ingest.py
[2022-10-22 07:39:36,872] {logging_mixin.py:115} INFO - [2022-10-22 07:39:36,872] {dagbag.py:300} INFO - File /opt/airflow/dags/target_ingest.py assumed to contain no DAGs. Skipping.
[2022-10-22 07:39:36,873] {processor.py:653} WARNING - No viable dags retrieved from /opt/airflow/dags/target_ingest.py
[2022-10-22 07:39:36,903] {processor.py:161} INFO - Processing /opt/airflow/dags/target_ingest.py took 0.045 seconds
[2022-10-22 07:39:51,525] {processor.py:153} INFO - Started process (PID=1872) to work on /opt/airflow/dags/target_ingest.py
[2022-10-22 07:39:51,527] {processor.py:641} INFO - Processing file /opt/airflow/dags/target_ingest.py for tasks to queue
[2022-10-22 07:39:51,529] {logging_mixin.py:115} INFO - [2022-10-22 07:39:51,529] {dagbag.py:507} INFO - Filling up the DagBag from /opt/airflow/dags/target_ingest.py
[2022-10-22 07:39:51,535] {logging_mixin.py:115} INFO - [2022-10-22 07:39:51,535] {dagbag.py:300} INFO - File /opt/airflow/dags/target_ingest.py assumed to contain no DAGs. Skipping.
[2022-10-22 07:39:51,536] {processor.py:653} WARNING - No viable dags retrieved from /opt/airflow/dags/target_ingest.py
[2022-10-22 07:39:51,567] {processor.py:161} INFO - Processing /opt/airflow/dags/target_ingest.py took 0.047 seconds
[2022-10-22 07:40:02,567] {processor.py:153} INFO - Started process (PID=1877) to work on /opt/airflow/dags/target_ingest.py
[2022-10-22 07:40:02,568] {processor.py:641} INFO - Processing file /opt/airflow/dags/target_ingest.py for tasks to queue
[2022-10-22 07:40:02,570] {logging_mixin.py:115} INFO - [2022-10-22 07:40:02,570] {dagbag.py:507} INFO - Filling up the DagBag from /opt/airflow/dags/target_ingest.py
[2022-10-22 07:40:02,576] {logging_mixin.py:115} INFO - [2022-10-22 07:40:02,576] {dagbag.py:300} INFO - File /opt/airflow/dags/target_ingest.py assumed to contain no DAGs. Skipping.
[2022-10-22 07:40:02,577] {processor.py:653} WARNING - No viable dags retrieved from /opt/airflow/dags/target_ingest.py
[2022-10-22 07:40:02,607] {processor.py:161} INFO - Processing /opt/airflow/dags/target_ingest.py took 0.044 seconds
[2022-10-22 07:40:19,407] {processor.py:153} INFO - Started process (PID=1894) to work on /opt/airflow/dags/target_ingest.py
[2022-10-22 07:40:19,411] {processor.py:641} INFO - Processing file /opt/airflow/dags/target_ingest.py for tasks to queue
[2022-10-22 07:40:19,412] {logging_mixin.py:115} INFO - [2022-10-22 07:40:19,412] {dagbag.py:507} INFO - Filling up the DagBag from /opt/airflow/dags/target_ingest.py
[2022-10-22 07:40:19,417] {logging_mixin.py:115} INFO - [2022-10-22 07:40:19,417] {dagbag.py:300} INFO - File /opt/airflow/dags/target_ingest.py assumed to contain no DAGs. Skipping.
[2022-10-22 07:40:19,418] {processor.py:653} WARNING - No viable dags retrieved from /opt/airflow/dags/target_ingest.py
[2022-10-22 07:40:19,446] {processor.py:161} INFO - Processing /opt/airflow/dags/target_ingest.py took 0.044 seconds
[2022-10-22 07:40:22,441] {processor.py:153} INFO - Started process (PID=1899) to work on /opt/airflow/dags/target_ingest.py
[2022-10-22 07:40:22,442] {processor.py:641} INFO - Processing file /opt/airflow/dags/target_ingest.py for tasks to queue
[2022-10-22 07:40:22,444] {logging_mixin.py:115} INFO - [2022-10-22 07:40:22,444] {dagbag.py:507} INFO - Filling up the DagBag from /opt/airflow/dags/target_ingest.py
[2022-10-22 07:40:22,450] {logging_mixin.py:115} INFO - [2022-10-22 07:40:22,450] {dagbag.py:300} INFO - File /opt/airflow/dags/target_ingest.py assumed to contain no DAGs. Skipping.
[2022-10-22 07:40:22,451] {processor.py:653} WARNING - No viable dags retrieved from /opt/airflow/dags/target_ingest.py
[2022-10-22 07:40:22,481] {processor.py:161} INFO - Processing /opt/airflow/dags/target_ingest.py took 0.045 seconds
[2022-10-22 07:40:26,530] {processor.py:153} INFO - Started process (PID=1904) to work on /opt/airflow/dags/target_ingest.py
[2022-10-22 07:40:26,532] {processor.py:641} INFO - Processing file /opt/airflow/dags/target_ingest.py for tasks to queue
[2022-10-22 07:40:26,534] {logging_mixin.py:115} INFO - [2022-10-22 07:40:26,534] {dagbag.py:507} INFO - Filling up the DagBag from /opt/airflow/dags/target_ingest.py
[2022-10-22 07:40:26,541] {logging_mixin.py:115} INFO - [2022-10-22 07:40:26,541] {dagbag.py:300} INFO - File /opt/airflow/dags/target_ingest.py assumed to contain no DAGs. Skipping.
[2022-10-22 07:40:26,542] {processor.py:653} WARNING - No viable dags retrieved from /opt/airflow/dags/target_ingest.py
[2022-10-22 07:40:26,571] {processor.py:161} INFO - Processing /opt/airflow/dags/target_ingest.py took 0.045 seconds
[2022-10-22 07:40:32,538] {processor.py:153} INFO - Started process (PID=1909) to work on /opt/airflow/dags/target_ingest.py
[2022-10-22 07:40:32,545] {processor.py:641} INFO - Processing file /opt/airflow/dags/target_ingest.py for tasks to queue
[2022-10-22 07:40:32,547] {logging_mixin.py:115} INFO - [2022-10-22 07:40:32,546] {dagbag.py:507} INFO - Filling up the DagBag from /opt/airflow/dags/target_ingest.py
[2022-10-22 07:40:32,552] {logging_mixin.py:115} INFO - [2022-10-22 07:40:32,552] {dagbag.py:300} INFO - File /opt/airflow/dags/target_ingest.py assumed to contain no DAGs. Skipping.
[2022-10-22 07:40:32,553] {processor.py:653} WARNING - No viable dags retrieved from /opt/airflow/dags/target_ingest.py
[2022-10-22 07:40:32,585] {processor.py:161} INFO - Processing /opt/airflow/dags/target_ingest.py took 0.051 seconds
[2022-10-22 07:40:40,257] {processor.py:153} INFO - Started process (PID=1920) to work on /opt/airflow/dags/target_ingest.py
[2022-10-22 07:40:40,258] {processor.py:641} INFO - Processing file /opt/airflow/dags/target_ingest.py for tasks to queue
[2022-10-22 07:40:40,260] {logging_mixin.py:115} INFO - [2022-10-22 07:40:40,260] {dagbag.py:507} INFO - Filling up the DagBag from /opt/airflow/dags/target_ingest.py
[2022-10-22 07:40:40,268] {logging_mixin.py:115} INFO - [2022-10-22 07:40:40,268] {dagbag.py:300} INFO - File /opt/airflow/dags/target_ingest.py assumed to contain no DAGs. Skipping.
[2022-10-22 07:40:40,269] {processor.py:653} WARNING - No viable dags retrieved from /opt/airflow/dags/target_ingest.py
[2022-10-22 07:40:40,298] {processor.py:161} INFO - Processing /opt/airflow/dags/target_ingest.py took 0.046 seconds
[2022-10-22 07:40:42,287] {processor.py:153} INFO - Started process (PID=1925) to work on /opt/airflow/dags/target_ingest.py
[2022-10-22 07:40:42,289] {processor.py:641} INFO - Processing file /opt/airflow/dags/target_ingest.py for tasks to queue
[2022-10-22 07:40:42,290] {logging_mixin.py:115} INFO - [2022-10-22 07:40:42,290] {dagbag.py:507} INFO - Filling up the DagBag from /opt/airflow/dags/target_ingest.py
[2022-10-22 07:40:42,296] {logging_mixin.py:115} INFO - [2022-10-22 07:40:42,296] {dagbag.py:300} INFO - File /opt/airflow/dags/target_ingest.py assumed to contain no DAGs. Skipping.
[2022-10-22 07:40:42,297] {processor.py:653} WARNING - No viable dags retrieved from /opt/airflow/dags/target_ingest.py
[2022-10-22 07:40:42,326] {processor.py:161} INFO - Processing /opt/airflow/dags/target_ingest.py took 0.047 seconds
[2022-10-22 07:40:46,367] {processor.py:153} INFO - Started process (PID=1930) to work on /opt/airflow/dags/target_ingest.py
[2022-10-22 07:40:46,368] {processor.py:641} INFO - Processing file /opt/airflow/dags/target_ingest.py for tasks to queue
[2022-10-22 07:40:46,370] {logging_mixin.py:115} INFO - [2022-10-22 07:40:46,370] {dagbag.py:507} INFO - Filling up the DagBag from /opt/airflow/dags/target_ingest.py
[2022-10-22 07:40:46,377] {logging_mixin.py:115} INFO - [2022-10-22 07:40:46,377] {dagbag.py:300} INFO - File /opt/airflow/dags/target_ingest.py assumed to contain no DAGs. Skipping.
[2022-10-22 07:40:46,378] {processor.py:653} WARNING - No viable dags retrieved from /opt/airflow/dags/target_ingest.py
[2022-10-22 07:40:46,411] {processor.py:161} INFO - Processing /opt/airflow/dags/target_ingest.py took 0.048 seconds
[2022-10-22 07:40:52,488] {processor.py:153} INFO - Started process (PID=1941) to work on /opt/airflow/dags/target_ingest.py
[2022-10-22 07:40:52,500] {processor.py:641} INFO - Processing file /opt/airflow/dags/target_ingest.py for tasks to queue
[2022-10-22 07:40:52,502] {logging_mixin.py:115} INFO - [2022-10-22 07:40:52,502] {dagbag.py:507} INFO - Filling up the DagBag from /opt/airflow/dags/target_ingest.py
[2022-10-22 07:40:52,510] {logging_mixin.py:115} INFO - [2022-10-22 07:40:52,509] {dagbag.py:300} INFO - File /opt/airflow/dags/target_ingest.py assumed to contain no DAGs. Skipping.
[2022-10-22 07:40:52,511] {processor.py:653} WARNING - No viable dags retrieved from /opt/airflow/dags/target_ingest.py
[2022-10-22 07:40:52,548] {processor.py:161} INFO - Processing /opt/airflow/dags/target_ingest.py took 0.063 seconds
[2022-10-22 07:40:59,541] {processor.py:153} INFO - Started process (PID=1946) to work on /opt/airflow/dags/target_ingest.py
[2022-10-22 07:40:59,543] {processor.py:641} INFO - Processing file /opt/airflow/dags/target_ingest.py for tasks to queue
[2022-10-22 07:40:59,545] {logging_mixin.py:115} INFO - [2022-10-22 07:40:59,545] {dagbag.py:507} INFO - Filling up the DagBag from /opt/airflow/dags/target_ingest.py
[2022-10-22 07:40:59,551] {logging_mixin.py:115} INFO - [2022-10-22 07:40:59,551] {dagbag.py:300} INFO - File /opt/airflow/dags/target_ingest.py assumed to contain no DAGs. Skipping.
[2022-10-22 07:40:59,552] {processor.py:653} WARNING - No viable dags retrieved from /opt/airflow/dags/target_ingest.py
[2022-10-22 07:40:59,582] {processor.py:161} INFO - Processing /opt/airflow/dags/target_ingest.py took 0.046 seconds
[2022-10-22 07:41:29,755] {processor.py:153} INFO - Started process (PID=1963) to work on /opt/airflow/dags/target_ingest.py
[2022-10-22 07:41:29,757] {processor.py:641} INFO - Processing file /opt/airflow/dags/target_ingest.py for tasks to queue
[2022-10-22 07:41:29,760] {logging_mixin.py:115} INFO - [2022-10-22 07:41:29,759] {dagbag.py:507} INFO - Filling up the DagBag from /opt/airflow/dags/target_ingest.py
[2022-10-22 07:41:29,766] {logging_mixin.py:115} INFO - [2022-10-22 07:41:29,765] {dagbag.py:300} INFO - File /opt/airflow/dags/target_ingest.py assumed to contain no DAGs. Skipping.
[2022-10-22 07:41:29,768] {processor.py:653} WARNING - No viable dags retrieved from /opt/airflow/dags/target_ingest.py
[2022-10-22 07:41:29,811] {processor.py:161} INFO - Processing /opt/airflow/dags/target_ingest.py took 0.062 seconds
