[2022-10-22 08:21:06,936] {logging_mixin.py:115} WARNING - /home/***/.local/lib/python3.7/site-packages/***/models/taskinstance.py:2445 SAWarning: TypeDecorator UtcDateTime(timezone=True) will not produce a cache key because the ``cache_ok`` attribute is not set to True.  This can have significant performance implications including some performance degradations in comparison to prior SQLAlchemy versions.  Set this attribute to True if this type object's state is safe to use in a cache key, or False to disable this warning. (Background on this error at: https://sqlalche.me/e/14/cprf)
[2022-10-22 08:21:06,942] {taskinstance.py:1159} INFO - Dependencies all met for <TaskInstance: target_ingest_dag.target_ingestion_task_2b scheduled__2022-10-22T07:05:00+00:00 [queued]>
[2022-10-22 08:21:06,958] {taskinstance.py:1159} INFO - Dependencies all met for <TaskInstance: target_ingest_dag.target_ingestion_task_2b scheduled__2022-10-22T07:05:00+00:00 [queued]>
[2022-10-22 08:21:06,959] {taskinstance.py:1356} INFO - 
--------------------------------------------------------------------------------
[2022-10-22 08:21:06,960] {taskinstance.py:1357} INFO - Starting attempt 1 of 2
[2022-10-22 08:21:06,961] {taskinstance.py:1358} INFO - 
--------------------------------------------------------------------------------
[2022-10-22 08:21:06,981] {taskinstance.py:1377} INFO - Executing <Task(PythonOperator): target_ingestion_task_2b> on 2022-10-22 07:05:00+00:00
[2022-10-22 08:21:06,988] {standard_task_runner.py:52} INFO - Started process 380 to run task
[2022-10-22 08:21:06,992] {standard_task_runner.py:79} INFO - Running: ['***', 'tasks', 'run', 'target_ingest_dag', 'target_ingestion_task_2b', 'scheduled__2022-10-22T07:05:00+00:00', '--job-id', '6', '--raw', '--subdir', 'DAGS_FOLDER/target_ingest_dag.py', '--cfg-path', '/tmp/tmptl9sprln', '--error-file', '/tmp/tmpphd5fxsv']
[2022-10-22 08:21:06,994] {standard_task_runner.py:80} INFO - Job 6: Subtask target_ingestion_task_2b
[2022-10-22 08:21:07,104] {logging_mixin.py:115} WARNING - /home/***/.local/lib/python3.7/site-packages/***/models/dagrun.py:485 SAWarning: TypeDecorator UtcDateTime(timezone=True) will not produce a cache key because the ``cache_ok`` attribute is not set to True.  This can have significant performance implications including some performance degradations in comparison to prior SQLAlchemy versions.  Set this attribute to True if this type object's state is safe to use in a cache key, or False to disable this warning. (Background on this error at: https://sqlalche.me/e/14/cprf)
[2022-10-22 08:21:07,115] {task_command.py:369} INFO - Running <TaskInstance: target_ingest_dag.target_ingestion_task_2b scheduled__2022-10-22T07:05:00+00:00 [running]> on host b20dbd9b67c8
[2022-10-22 08:21:07,203] {logging_mixin.py:115} WARNING - /home/***/.local/lib/python3.7/site-packages/***/models/dagrun.py:485 SAWarning: TypeDecorator UtcDateTime(timezone=True) will not produce a cache key because the ``cache_ok`` attribute is not set to True.  This can have significant performance implications including some performance degradations in comparison to prior SQLAlchemy versions.  Set this attribute to True if this type object's state is safe to use in a cache key, or False to disable this warning. (Background on this error at: https://sqlalche.me/e/14/cprf)
[2022-10-22 08:21:07,326] {logging_mixin.py:115} WARNING - /home/***/.local/lib/python3.7/site-packages/***/models/renderedtifields.py:213 SAWarning: TypeDecorator UtcDateTime(timezone=True) will not produce a cache key because the ``cache_ok`` attribute is not set to True.  This can have significant performance implications including some performance degradations in comparison to prior SQLAlchemy versions.  Set this attribute to True if this type object's state is safe to use in a cache key, or False to disable this warning. (Background on this error at: https://sqlalche.me/e/14/cprf)
[2022-10-22 08:21:07,344] {taskinstance.py:1571} INFO - Exporting the following env vars:
AIRFLOW_CTX_DAG_EMAIL=rongshiu@gmail.com
AIRFLOW_CTX_DAG_OWNER=rongshiu@gmail.com
AIRFLOW_CTX_DAG_ID=target_ingest_dag
AIRFLOW_CTX_TASK_ID=target_ingestion_task_2b
AIRFLOW_CTX_EXECUTION_DATE=2022-10-22T07:05:00+00:00
AIRFLOW_CTX_TRY_NUMBER=1
AIRFLOW_CTX_DAG_RUN_ID=scheduled__2022-10-22T07:05:00+00:00
[2022-10-22 08:21:07,347] {target_ingest.py:10} INFO - Reading SQL file from path
[2022-10-22 08:21:07,348] {taskinstance.py:1889} ERROR - Task failed with exception
Traceback (most recent call last):
  File "/opt/airflow/dags/target_ingest.py", line 11, in target_ingest
    query = open(sql_path, 'r')
FileNotFoundError: [Errno 2] No such file or directory: '/sources/dags/2b.sql'

During handling of the above exception, another exception occurred:

Traceback (most recent call last):
  File "/home/airflow/.local/lib/python3.7/site-packages/airflow/operators/python.py", line 171, in execute
    return_value = self.execute_callable()
  File "/home/airflow/.local/lib/python3.7/site-packages/airflow/operators/python.py", line 189, in execute_callable
    return self.python_callable(*self.op_args, **self.op_kwargs)
  File "/opt/airflow/dags/target_ingest.py", line 28, in target_ingest
    logger.error('target_ingest pipeline failed due to {error}',error=e)
  File "/usr/local/lib/python3.7/logging/__init__.py", line 1407, in error
    self._log(ERROR, msg, args, **kwargs)
TypeError: _log() got an unexpected keyword argument 'error'
[2022-10-22 08:21:07,385] {taskinstance.py:1400} INFO - Marking task as UP_FOR_RETRY. dag_id=target_ingest_dag, task_id=target_ingestion_task_2b, execution_date=20221022T070500, start_date=20221022T082106, end_date=20221022T082107
[2022-10-22 08:21:07,403] {standard_task_runner.py:97} ERROR - Failed to execute job 6 for task target_ingestion_task_2b (_log() got an unexpected keyword argument 'error'; 380)
[2022-10-22 08:21:07,451] {local_task_job.py:156} INFO - Task exited with return code 1
[2022-10-22 08:21:07,582] {local_task_job.py:273} INFO - 0 downstream tasks scheduled from follow-on schedule check
[2022-10-22 08:58:28,199] {logging_mixin.py:115} WARNING - /home/***/.local/lib/python3.7/site-packages/***/models/taskinstance.py:2445 SAWarning: TypeDecorator UtcDateTime(timezone=True) will not produce a cache key because the ``cache_ok`` attribute is not set to True.  This can have significant performance implications including some performance degradations in comparison to prior SQLAlchemy versions.  Set this attribute to True if this type object's state is safe to use in a cache key, or False to disable this warning. (Background on this error at: https://sqlalche.me/e/14/cprf)
[2022-10-22 08:58:28,215] {taskinstance.py:1159} INFO - Dependencies all met for <TaskInstance: target_ingest_dag.target_ingestion_task_2b scheduled__2022-10-22T07:05:00+00:00 [queued]>
[2022-10-22 08:58:28,267] {taskinstance.py:1159} INFO - Dependencies all met for <TaskInstance: target_ingest_dag.target_ingestion_task_2b scheduled__2022-10-22T07:05:00+00:00 [queued]>
[2022-10-22 08:58:28,270] {taskinstance.py:1356} INFO - 
--------------------------------------------------------------------------------
[2022-10-22 08:58:28,277] {taskinstance.py:1357} INFO - Starting attempt 1 of 2
[2022-10-22 08:58:28,280] {taskinstance.py:1358} INFO - 
--------------------------------------------------------------------------------
[2022-10-22 08:58:28,324] {taskinstance.py:1377} INFO - Executing <Task(PythonOperator): target_ingestion_task_2b> on 2022-10-22 07:05:00+00:00
[2022-10-22 08:58:28,342] {standard_task_runner.py:52} INFO - Started process 368 to run task
[2022-10-22 08:58:28,357] {standard_task_runner.py:79} INFO - Running: ['***', 'tasks', 'run', 'target_ingest_dag', 'target_ingestion_task_2b', 'scheduled__2022-10-22T07:05:00+00:00', '--job-id', '6', '--raw', '--subdir', 'DAGS_FOLDER/target_ingest_dag.py', '--cfg-path', '/tmp/tmpxc3c5nnp', '--error-file', '/tmp/tmpzpkfjwrb']
[2022-10-22 08:58:28,364] {standard_task_runner.py:80} INFO - Job 6: Subtask target_ingestion_task_2b
[2022-10-22 08:58:28,539] {logging_mixin.py:115} WARNING - /home/***/.local/lib/python3.7/site-packages/***/models/dagrun.py:485 SAWarning: TypeDecorator UtcDateTime(timezone=True) will not produce a cache key because the ``cache_ok`` attribute is not set to True.  This can have significant performance implications including some performance degradations in comparison to prior SQLAlchemy versions.  Set this attribute to True if this type object's state is safe to use in a cache key, or False to disable this warning. (Background on this error at: https://sqlalche.me/e/14/cprf)
[2022-10-22 08:58:28,554] {task_command.py:369} INFO - Running <TaskInstance: target_ingest_dag.target_ingestion_task_2b scheduled__2022-10-22T07:05:00+00:00 [running]> on host 236209f5c3f9
[2022-10-22 08:58:28,644] {logging_mixin.py:115} WARNING - /home/***/.local/lib/python3.7/site-packages/***/models/dagrun.py:485 SAWarning: TypeDecorator UtcDateTime(timezone=True) will not produce a cache key because the ``cache_ok`` attribute is not set to True.  This can have significant performance implications including some performance degradations in comparison to prior SQLAlchemy versions.  Set this attribute to True if this type object's state is safe to use in a cache key, or False to disable this warning. (Background on this error at: https://sqlalche.me/e/14/cprf)
[2022-10-22 08:58:28,745] {logging_mixin.py:115} WARNING - /home/***/.local/lib/python3.7/site-packages/***/models/renderedtifields.py:213 SAWarning: TypeDecorator UtcDateTime(timezone=True) will not produce a cache key because the ``cache_ok`` attribute is not set to True.  This can have significant performance implications including some performance degradations in comparison to prior SQLAlchemy versions.  Set this attribute to True if this type object's state is safe to use in a cache key, or False to disable this warning. (Background on this error at: https://sqlalche.me/e/14/cprf)
[2022-10-22 08:58:28,761] {taskinstance.py:1571} INFO - Exporting the following env vars:
AIRFLOW_CTX_DAG_EMAIL=rongshiu@gmail.com
AIRFLOW_CTX_DAG_OWNER=rongshiu@gmail.com
AIRFLOW_CTX_DAG_ID=target_ingest_dag
AIRFLOW_CTX_TASK_ID=target_ingestion_task_2b
AIRFLOW_CTX_EXECUTION_DATE=2022-10-22T07:05:00+00:00
AIRFLOW_CTX_TRY_NUMBER=1
AIRFLOW_CTX_DAG_RUN_ID=scheduled__2022-10-22T07:05:00+00:00
[2022-10-22 08:58:28,763] {target_ingest.py:10} INFO - Reading SQL file from path
[2022-10-22 08:58:28,766] {taskinstance.py:1889} ERROR - Task failed with exception
Traceback (most recent call last):
  File "/opt/airflow/dags/target_ingest.py", line 11, in target_ingest
    query = open(sql_path, 'r')
FileNotFoundError: [Errno 2] No such file or directory: '/dags/2b.sql'

During handling of the above exception, another exception occurred:

Traceback (most recent call last):
  File "/home/airflow/.local/lib/python3.7/site-packages/airflow/operators/python.py", line 171, in execute
    return_value = self.execute_callable()
  File "/home/airflow/.local/lib/python3.7/site-packages/airflow/operators/python.py", line 189, in execute_callable
    return self.python_callable(*self.op_args, **self.op_kwargs)
  File "/opt/airflow/dags/target_ingest.py", line 28, in target_ingest
    logger.error('target_ingest pipeline failed due to {error}',error=e)
  File "/usr/local/lib/python3.7/logging/__init__.py", line 1407, in error
    self._log(ERROR, msg, args, **kwargs)
TypeError: _log() got an unexpected keyword argument 'error'
[2022-10-22 08:58:28,792] {taskinstance.py:1400} INFO - Marking task as UP_FOR_RETRY. dag_id=target_ingest_dag, task_id=target_ingestion_task_2b, execution_date=20221022T070500, start_date=20221022T085828, end_date=20221022T085828
[2022-10-22 08:58:28,808] {standard_task_runner.py:97} ERROR - Failed to execute job 6 for task target_ingestion_task_2b (_log() got an unexpected keyword argument 'error'; 368)
[2022-10-22 08:58:28,848] {local_task_job.py:156} INFO - Task exited with return code 1
[2022-10-22 08:58:28,976] {local_task_job.py:273} INFO - 0 downstream tasks scheduled from follow-on schedule check
